<?xml version="1.0" encoding="UTF-8"?>
<!-- Generated by org.testng.reporters.JUnitXMLReporter -->
<testsuite hostname="DESKTOP-TQNBJPK" failures="0" tests="1" name="Test" time="0.09" errors="0" timestamp="24 Apr 2026 10:47:29 GMT">
  <testcase classname="selenium27dec.opencartv121.testbase2" name="@BeforeClass openbrowser" time="0.0">
    <failure type="java.lang.RuntimeException" message="Invalid browser: chrome   ">
      <![CDATA[java.lang.RuntimeException: Invalid browser: chrome   
	at selenium27dec.opencartv121.testbase.openbrowser(testbase.java:49)
... Removed 24 stack frames]]>
    </failure>
  </testcase> <!-- @BeforeClass openbrowser -->
  <testcase classname="selenium27dec.opencartv121.testbase2" name="@AfterClass closebrowser" time="0.0">
    <skipped/>
  </testcase> <!-- @AfterClass closebrowser -->
  <testcase classname="selenium27dec.opencartv121.testbase2" name="verifylogin" time="0.01">
    <skipped/>
  </testcase> <!-- verifylogin -->
</testsuite> <!-- Test -->
