<?xml version="1.0" encoding="UTF-8"?>
<!-- Generated by org.testng.reporters.JUnitReportReporter -->
<testsuite hostname="DESKTOP-TQNBJPK" failures="0" tests="2" name="selenium27dec.opencartv121.testcases" time="38.890" errors="0" timestamp="24 Apr 2026 07:10:25 GMT">
  <testcase classname="selenium27dec.opencartv121.testcases" name="verifyreg" time="24.078"/>
  <testcase classname="selenium27dec.opencartv121.testcases" name="verifyreg" time="14.812"/>
</testsuite> <!-- selenium27dec.opencartv121.testcases -->
